TN:
SF:/Users/dennisvandervlugt/Documents/github/hmi-showcases/YCarHMI/ycarhmi_app/node_modules/angular2-template-loader/index.js!/Users/dennisvandervlugt/Documents/github/hmi-showcases/YCarHMI/ycarhmi_app/node_modules/tslint-loader/index.js!/Users/dennisvandervlugt/Documents/github/hmi-showcases/YCarHMI/ycarhmi_app/src/test.ts
FN:15,(anonymous_1)
FN:23,(anonymous_2)
FN:30,(anonymous_3)
FN:32,(anonymous_4)
FNF:4
FNH:4
FNDA:1,(anonymous_1)
FNDA:1,(anonymous_2)
FNDA:1,(anonymous_3)
FNDA:1,(anonymous_4)
DA:1,1
DA:3,1
DA:4,1
DA:5,1
DA:6,1
DA:7,1
DA:8,1
DA:15,1
DA:18,1
DA:24,1
DA:30,1
DA:32,1
LF:12
LH:12
BRF:0
BRH:0
end_of_record
TN:
SF:/Users/dennisvandervlugt/Documents/github/hmi-showcases/YCarHMI/ycarhmi_app/node_modules/angular2-template-loader/index.js!/Users/dennisvandervlugt/Documents/github/hmi-showcases/YCarHMI/ycarhmi_app/node_modules/tslint-loader/index.js!/Users/dennisvandervlugt/Documents/github/hmi-showcases/YCarHMI/ycarhmi_app/src/polyfills.ts
FNF:0
FNH:0
DA:3,1
DA:4,1
DA:5,1
DA:6,1
DA:7,1
DA:8,1
DA:9,1
DA:10,1
DA:11,1
DA:12,1
DA:13,1
DA:14,1
DA:15,1
DA:16,1
DA:18,1
DA:19,1
LF:16
LH:16
BRF:0
BRH:0
end_of_record
TN:
SF:/Users/dennisvandervlugt/Documents/github/hmi-showcases/YCarHMI/ycarhmi_app/node_modules/angular2-template-loader/index.js!/Users/dennisvandervlugt/Documents/github/hmi-showcases/YCarHMI/ycarhmi_app/node_modules/tslint-loader/index.js!/Users/dennisvandervlugt/Documents/github/hmi-showcases/YCarHMI/ycarhmi_app/src/app/app.component.ts
FN:8,(anonymous_3)
FNF:1
FNH:1
FNDA:1,(anonymous_3)
DA:1,1
DA:3,1
DA:8,2
DA:9,0
DA:10,1
LF:5
LH:4
BRF:0
BRH:0
end_of_record
TN:
SF:/Users/dennisvandervlugt/Documents/github/hmi-showcases/YCarHMI/ycarhmi_app/node_modules/angular2-template-loader/index.js!/Users/dennisvandervlugt/Documents/github/hmi-showcases/YCarHMI/ycarhmi_app/node_modules/tslint-loader/index.js!/Users/dennisvandervlugt/Documents/github/hmi-showcases/YCarHMI/ycarhmi_app/src/app/shared/pipes/y-trust-style.pipe.ts
FN:7,(anonymous_3)
FN:10,YTrustStylePipe
FN:15,(anonymous_5)
FNF:3
FNH:2
FNDA:1,(anonymous_3)
FNDA:1,YTrustStylePipe
FNDA:0,(anonymous_5)
DA:1,1
DA:2,1
DA:4,1
DA:7,1
DA:10,1
DA:15,1
DA:16,0
DA:19,1
LF:8
LH:7
BRF:0
BRH:0
end_of_record
TN:
SF:/Users/dennisvandervlugt/Documents/github/hmi-showcases/YCarHMI/ycarhmi_app/node_modules/angular2-template-loader/index.js!/Users/dennisvandervlugt/Documents/github/hmi-showcases/YCarHMI/ycarhmi_app/node_modules/tslint-loader/index.js!/Users/dennisvandervlugt/Documents/github/hmi-showcases/YCarHMI/ycarhmi_app/src/app/y-blank-screen/y-blank-screen.component.ts
FN:8,(anonymous_3)
FN:10,YBlankScreenComponent
FN:12,(anonymous_5)
FNF:3
FNH:2
FNDA:1,(anonymous_3)
FNDA:1,YBlankScreenComponent
FNDA:0,(anonymous_5)
DA:1,1
DA:3,1
DA:8,1
DA:10,1
DA:12,1
DA:15,1
LF:6
LH:6
BRF:0
BRH:0
end_of_record
TN:
SF:/Users/dennisvandervlugt/Documents/github/hmi-showcases/YCarHMI/ycarhmi_app/node_modules/angular2-template-loader/index.js!/Users/dennisvandervlugt/Documents/github/hmi-showcases/YCarHMI/ycarhmi_app/node_modules/tslint-loader/index.js!/Users/dennisvandervlugt/Documents/github/hmi-showcases/YCarHMI/ycarhmi_app/src/app/y-infotainment/y-infotainment.component.ts
FN:8,(anonymous_3)
FN:10,YInfotainmentComponent
FN:12,(anonymous_5)
FNF:3
FNH:2
FNDA:1,(anonymous_3)
FNDA:1,YInfotainmentComponent
FNDA:0,(anonymous_5)
DA:1,1
DA:3,1
DA:8,1
DA:10,1
DA:12,1
DA:15,1
LF:6
LH:6
BRF:0
BRH:0
end_of_record
TN:
SF:/Users/dennisvandervlugt/Documents/github/hmi-showcases/YCarHMI/ycarhmi_app/node_modules/angular2-template-loader/index.js!/Users/dennisvandervlugt/Documents/github/hmi-showcases/YCarHMI/ycarhmi_app/node_modules/tslint-loader/index.js!/Users/dennisvandervlugt/Documents/github/hmi-showcases/YCarHMI/ycarhmi_app/src/app/y-infotainment/y-menu-widget/y-menu-widget.component.ts
FN:8,(anonymous_3)
FN:10,YMenuWidgetComponent
FN:12,(anonymous_5)
FNF:3
FNH:2
FNDA:1,(anonymous_3)
FNDA:1,YMenuWidgetComponent
FNDA:0,(anonymous_5)
DA:1,1
DA:3,1
DA:8,1
DA:10,1
DA:12,1
DA:15,1
LF:6
LH:6
BRF:0
BRH:0
end_of_record
TN:
SF:/Users/dennisvandervlugt/Documents/github/hmi-showcases/YCarHMI/ycarhmi_app/node_modules/angular2-template-loader/index.js!/Users/dennisvandervlugt/Documents/github/hmi-showcases/YCarHMI/ycarhmi_app/node_modules/tslint-loader/index.js!/Users/dennisvandervlugt/Documents/github/hmi-showcases/YCarHMI/ycarhmi_app/src/app/y-infotainment/y-music/y-music.component.ts
FN:8,(anonymous_3)
FN:10,YMusicComponent
FN:12,(anonymous_5)
FNF:3
FNH:2
FNDA:1,(anonymous_3)
FNDA:1,YMusicComponent
FNDA:0,(anonymous_5)
DA:1,1
DA:3,1
DA:8,1
DA:10,1
DA:12,1
DA:15,1
LF:6
LH:6
BRF:0
BRH:0
end_of_record
TN:
SF:/Users/dennisvandervlugt/Documents/github/hmi-showcases/YCarHMI/ycarhmi_app/node_modules/angular2-template-loader/index.js!/Users/dennisvandervlugt/Documents/github/hmi-showcases/YCarHMI/ycarhmi_app/node_modules/tslint-loader/index.js!/Users/dennisvandervlugt/Documents/github/hmi-showcases/YCarHMI/ycarhmi_app/src/app/y-infotainment/y-phone/y-phone.component.ts
FN:8,(anonymous_3)
FN:10,YPhoneComponent
FN:12,(anonymous_5)
FNF:3
FNH:2
FNDA:1,(anonymous_3)
FNDA:1,YPhoneComponent
FNDA:0,(anonymous_5)
DA:1,1
DA:3,1
DA:8,1
DA:10,1
DA:12,1
DA:15,1
LF:6
LH:6
BRF:0
BRH:0
end_of_record
TN:
SF:/Users/dennisvandervlugt/Documents/github/hmi-showcases/YCarHMI/ycarhmi_app/node_modules/angular2-template-loader/index.js!/Users/dennisvandervlugt/Documents/github/hmi-showcases/YCarHMI/ycarhmi_app/node_modules/tslint-loader/index.js!/Users/dennisvandervlugt/Documents/github/hmi-showcases/YCarHMI/ycarhmi_app/src/app/y-infotainment/y-weather/y-weather.component.ts
FN:10,(anonymous_3)
FN:67,YWeatherComponent
FN:21,(anonymous_5)
FN:17,(anonymous_6)
FN:33,(anonymous_7)
FN:29,(anonymous_8)
FN:46,(anonymous_9)
FN:42,(anonymous_10)
FN:60,(anonymous_11)
FN:56,(anonymous_12)
FN:74,(anonymous_13)
FN:80,(anonymous_14)
FNF:12
FNH:7
FNDA:1,(anonymous_3)
FNDA:1,YWeatherComponent
FNDA:0,(anonymous_5)
FNDA:1,(anonymous_6)
FNDA:0,(anonymous_7)
FNDA:1,(anonymous_8)
FNDA:0,(anonymous_9)
FNDA:1,(anonymous_10)
FNDA:0,(anonymous_11)
FNDA:1,(anonymous_12)
FNDA:0,(anonymous_13)
FNDA:1,(anonymous_14)
DA:1,1
DA:2,1
DA:4,1
DA:10,1
DA:14,1
DA:17,1
DA:18,1
DA:22,0
DA:29,1
DA:30,1
DA:34,0
DA:42,1
DA:43,1
DA:47,0
DA:56,1
DA:57,1
DA:61,0
DA:67,1
DA:68,1
DA:69,1
DA:70,1
DA:71,1
DA:74,1
DA:77,1
DA:80,2
DA:81,1
LF:26
LH:22
BRDA:80,1,0,1
BRDA:80,1,1,1
BRF:2
BRH:2
end_of_record
TN:
SF:/Users/dennisvandervlugt/Documents/github/hmi-showcases/YCarHMI/ycarhmi_app/node_modules/angular2-template-loader/index.js!/Users/dennisvandervlugt/Documents/github/hmi-showcases/YCarHMI/ycarhmi_app/node_modules/tslint-loader/index.js!/Users/dennisvandervlugt/Documents/github/hmi-showcases/YCarHMI/ycarhmi_app/src/app/y-infotainment/y-weather/y-weather.service.ts
FN:4,(anonymous_3)
FN:6,YWeatherService
FNF:2
FNH:2
FNDA:1,(anonymous_3)
FNDA:1,YWeatherService
DA:1,1
DA:3,1
DA:4,1
DA:6,1
DA:8,1
LF:5
LH:5
BRF:0
BRH:0
end_of_record
TN:
SF:/Users/dennisvandervlugt/Documents/github/hmi-showcases/YCarHMI/ycarhmi_app/node_modules/angular2-template-loader/index.js!/Users/dennisvandervlugt/Documents/github/hmi-showcases/YCarHMI/ycarhmi_app/node_modules/tslint-loader/index.js!/Users/dennisvandervlugt/Documents/github/hmi-showcases/YCarHMI/ycarhmi_app/src/app/y-main-screen/y-abs-light-widget/y-abs-light-widget.component.ts
FN:9,(anonymous_3)
FN:30,YAbsLightWidgetComponent
FN:26,(anonymous_5)
FN:20,(anonymous_6)
FN:32,(anonymous_7)
FNF:5
FNH:2
FNDA:1,(anonymous_3)
FNDA:1,YAbsLightWidgetComponent
FNDA:0,(anonymous_5)
FNDA:0,(anonymous_6)
FNDA:0,(anonymous_7)
DA:1,1
DA:3,1
DA:9,1
DA:15,1
DA:16,1
DA:20,1
DA:21,0
DA:23,0
DA:27,0
DA:30,1
DA:32,1
DA:35,1
LF:12
LH:9
BRDA:23,1,0,0
BRDA:23,1,1,0
BRF:2
BRH:0
end_of_record
TN:
SF:/Users/dennisvandervlugt/Documents/github/hmi-showcases/YCarHMI/ycarhmi_app/node_modules/angular2-template-loader/index.js!/Users/dennisvandervlugt/Documents/github/hmi-showcases/YCarHMI/ycarhmi_app/node_modules/tslint-loader/index.js!/Users/dennisvandervlugt/Documents/github/hmi-showcases/YCarHMI/ycarhmi_app/src/app/y-main-screen/y-fueltank-widget/y-fueltank-widget.component.ts
FN:9,(anonymous_3)
FN:27,YFueltankWidgetComponent
FN:23,(anonymous_5)
FN:13,(anonymous_6)
FN:29,(anonymous_7)
FNF:5
FNH:2
FNDA:1,(anonymous_3)
FNDA:1,YFueltankWidgetComponent
FNDA:0,(anonymous_5)
FNDA:0,(anonymous_6)
FNDA:0,(anonymous_7)
DA:1,1
DA:3,1
DA:9,1
DA:11,1
DA:13,1
DA:14,0
DA:15,0
DA:16,0
DA:17,0
DA:19,0
DA:24,0
DA:27,1
DA:29,1
DA:32,1
LF:14
LH:8
BRDA:14,1,0,0
BRDA:14,1,1,0
BRDA:16,2,0,0
BRDA:16,2,1,0
BRF:4
BRH:0
end_of_record
TN:
SF:/Users/dennisvandervlugt/Documents/github/hmi-showcases/YCarHMI/ycarhmi_app/node_modules/angular2-template-loader/index.js!/Users/dennisvandervlugt/Documents/github/hmi-showcases/YCarHMI/ycarhmi_app/node_modules/tslint-loader/index.js!/Users/dennisvandervlugt/Documents/github/hmi-showcases/YCarHMI/ycarhmi_app/src/app/y-main-screen/y-headlight-widget/y-headlight-widget.component.ts
FN:9,(anonymous_3)
FN:23,YHeadlightWidgetComponent
FN:19,(anonymous_5)
FN:14,(anonymous_6)
FN:27,(anonymous_7)
FNF:5
FNH:2
FNDA:1,(anonymous_3)
FNDA:1,YHeadlightWidgetComponent
FNDA:0,(anonymous_5)
FNDA:0,(anonymous_6)
FNDA:0,(anonymous_7)
DA:1,1
DA:3,1
DA:9,1
DA:14,1
DA:15,0
DA:20,0
DA:23,1
DA:27,1
DA:30,1
LF:9
LH:7
BRF:0
BRH:0
end_of_record
TN:
SF:/Users/dennisvandervlugt/Documents/github/hmi-showcases/YCarHMI/ycarhmi_app/node_modules/angular2-template-loader/index.js!/Users/dennisvandervlugt/Documents/github/hmi-showcases/YCarHMI/ycarhmi_app/node_modules/tslint-loader/index.js!/Users/dennisvandervlugt/Documents/github/hmi-showcases/YCarHMI/ycarhmi_app/src/app/y-main-screen/y-highbeam-light-widget/y-highbeam-light-widget.component.ts
FN:9,(anonymous_3)
FN:23,YHighbeamLightWidgetComponent
FN:19,(anonymous_5)
FN:14,(anonymous_6)
FN:27,(anonymous_7)
FNF:5
FNH:2
FNDA:1,(anonymous_3)
FNDA:1,YHighbeamLightWidgetComponent
FNDA:0,(anonymous_5)
FNDA:0,(anonymous_6)
FNDA:0,(anonymous_7)
DA:1,1
DA:3,1
DA:9,1
DA:14,1
DA:15,0
DA:20,0
DA:23,1
DA:27,1
DA:30,1
LF:9
LH:7
BRF:0
BRH:0
end_of_record
TN:
SF:/Users/dennisvandervlugt/Documents/github/hmi-showcases/YCarHMI/ycarhmi_app/node_modules/angular2-template-loader/index.js!/Users/dennisvandervlugt/Documents/github/hmi-showcases/YCarHMI/ycarhmi_app/node_modules/tslint-loader/index.js!/Users/dennisvandervlugt/Documents/github/hmi-showcases/YCarHMI/ycarhmi_app/src/app/y-main-screen/y-main-screen.component.ts
FN:8,(anonymous_3)
FN:21,YMainScreenComponent
FN:23,(anonymous_5)
FNF:3
FNH:2
FNDA:1,(anonymous_3)
FNDA:1,YMainScreenComponent
FNDA:0,(anonymous_5)
DA:1,1
DA:3,1
DA:8,1
DA:10,1
DA:21,1
DA:23,1
DA:26,1
LF:7
LH:7
BRF:0
BRH:0
end_of_record
TN:
SF:/Users/dennisvandervlugt/Documents/github/hmi-showcases/YCarHMI/ycarhmi_app/node_modules/angular2-template-loader/index.js!/Users/dennisvandervlugt/Documents/github/hmi-showcases/YCarHMI/ycarhmi_app/node_modules/tslint-loader/index.js!/Users/dennisvandervlugt/Documents/github/hmi-showcases/YCarHMI/ycarhmi_app/src/app/y-main-screen/y-oil-light-widget/y-oil-light-widget.component.ts
FN:9,(anonymous_3)
FN:29,YOilLightWidgetComponent
FN:25,(anonymous_5)
FN:19,(anonymous_6)
FN:33,(anonymous_7)
FNF:5
FNH:2
FNDA:1,(anonymous_3)
FNDA:1,YOilLightWidgetComponent
FNDA:0,(anonymous_5)
FNDA:0,(anonymous_6)
FNDA:0,(anonymous_7)
DA:1,1
DA:3,1
DA:9,1
DA:14,1
DA:15,1
DA:19,1
DA:20,0
DA:22,0
DA:26,0
DA:29,1
DA:33,1
DA:37,1
LF:12
LH:9
BRDA:22,1,0,0
BRDA:22,1,1,0
BRF:2
BRH:0
end_of_record
TN:
SF:/Users/dennisvandervlugt/Documents/github/hmi-showcases/YCarHMI/ycarhmi_app/node_modules/angular2-template-loader/index.js!/Users/dennisvandervlugt/Documents/github/hmi-showcases/YCarHMI/ycarhmi_app/node_modules/tslint-loader/index.js!/Users/dennisvandervlugt/Documents/github/hmi-showcases/YCarHMI/ycarhmi_app/src/app/y-main-screen/y-speedometer-widget/y-speedometer-widget.component.ts
FN:11,(anonymous_3)
FN:34,YSpeedometerWidgetComponent
FN:19,(anonymous_5)
FN:37,(anonymous_6)
FN:42,(anonymous_7)
FNF:5
FNH:2
FNDA:1,(anonymous_3)
FNDA:1,YSpeedometerWidgetComponent
FNDA:0,(anonymous_5)
FNDA:0,(anonymous_6)
FNDA:0,(anonymous_7)
DA:1,1
DA:2,1
DA:5,1
DA:11,1
DA:13,1
DA:14,1
DA:15,1
DA:16,1
DA:19,1
DA:20,0
DA:22,0
DA:23,0
DA:24,0
DA:25,0
DA:27,0
DA:28,0
DA:30,0
DA:34,1
DA:37,1
DA:42,1
DA:52,1
LF:21
LH:13
BRDA:22,1,0,0
BRDA:22,1,1,0
BRDA:24,2,0,0
BRDA:24,2,1,0
BRDA:24,3,0,0
BRDA:24,3,1,0
BRDA:27,4,0,0
BRDA:27,4,1,0
BRF:8
BRH:0
end_of_record
TN:
SF:/Users/dennisvandervlugt/Documents/github/hmi-showcases/YCarHMI/ycarhmi_app/node_modules/angular2-template-loader/index.js!/Users/dennisvandervlugt/Documents/github/hmi-showcases/YCarHMI/ycarhmi_app/node_modules/tslint-loader/index.js!/Users/dennisvandervlugt/Documents/github/hmi-showcases/YCarHMI/ycarhmi_app/src/app/y-main-screen/y-water-temperature-widget/y-water-temperature-widget.component.ts
FN:8,(anonymous_3)
FN:18,YWaterTemperatureWidgetComponent
FN:13,(anonymous_5)
FN:22,(anonymous_6)
FNF:4
FNH:2
FNDA:1,(anonymous_3)
FNDA:1,YWaterTemperatureWidgetComponent
FNDA:0,(anonymous_5)
FNDA:0,(anonymous_6)
DA:1,1
DA:3,1
DA:8,1
DA:11,1
DA:13,1
DA:15,0
DA:18,1
DA:22,1
DA:25,1
LF:9
LH:8
BRF:0
BRH:0
end_of_record
TN:
SF:/Users/dennisvandervlugt/Documents/github/hmi-showcases/YCarHMI/ycarhmi_app/node_modules/angular2-template-loader/index.js!/Users/dennisvandervlugt/Documents/github/hmi-showcases/YCarHMI/ycarhmi_app/node_modules/tslint-loader/index.js!/Users/dennisvandervlugt/Documents/github/hmi-showcases/YCarHMI/ycarhmi_app/src/app/y-start-screen/y-start-screen.component.ts
FN:8,(anonymous_3)
FN:10,YStartScreenComponent
FN:12,(anonymous_5)
FNF:3
FNH:2
FNDA:1,(anonymous_3)
FNDA:1,YStartScreenComponent
FNDA:0,(anonymous_5)
DA:1,1
DA:3,1
DA:8,1
DA:10,1
DA:12,1
DA:15,1
LF:6
LH:6
BRF:0
BRH:0
end_of_record
